符号链接 /home/hjc/install/Steam++/Steam++ 已存在
文件具有执行权限。
证书 'SteamTools' 存在。
info: KestrelServerOptEx[0]
      Listened https://0.0.0.0:443, HTTPS reverse proxy service startup completed.
info: Microsoft.Hosting.Lifetime[14]
      Now listening on: https://0.0.0.0:443
info: Microsoft.Hosting.Lifetime[0]
      Application started. Press Ctrl+C to shut down.
info: Microsoft.Hosting.Lifetime[0]
      Hosting environment: Production
info: Microsoft.Hosting.Lifetime[0]
      Content root path: /home/hjc/.local/share/Steam++/Plugins/Accelerator/Yarp
info: Microsoft.AspNetCore.Hosting.Diagnostics[1]
      Request starting HTTP/2 GET https://github.com/hjc2000/my_shell.git/info/refs?service=git-upload-pack - - -
info: Yarp.ReverseProxy.Forwarder.HttpForwarder[9]
      Proxying to https://github.com/hjc2000/my_shell.git/info/refs?service=git-upload-pack HTTP/2 RequestVersionOrLower no-streaming
info: Yarp.ReverseProxy.Forwarder.HttpForwarder[56]
      Received HTTP/1.1 response 200.
info: BD.WTTS.Services.Implementation.RequestLoggingMiddleware[0]
      GET https://github.com/hjc2000/my_shell.git/info/refs responded 200 in 1054.582 ms
info: Microsoft.AspNetCore.Hosting.Diagnostics[2]
      Request finished HTTP/2 GET https://github.com/hjc2000/my_shell.git/info/refs?service=git-upload-pack - 200 - application/x-git-upload-pack-advertisement 1059.3879ms
info: Microsoft.AspNetCore.Hosting.Diagnostics[1]
      Request starting HTTP/2 POST https://github.com/hjc2000/my_shell.git/git-upload-pack - application/x-git-upload-pack-request 155
info: Yarp.ReverseProxy.Forwarder.HttpForwarder[9]
      Proxying to https://github.com/hjc2000/my_shell.git/git-upload-pack HTTP/2 RequestVersionOrLower no-streaming
info: Yarp.ReverseProxy.Forwarder.HttpForwarder[56]
      Received HTTP/1.1 response 200.
info: BD.WTTS.Services.Implementation.RequestLoggingMiddleware[0]
      POST https://github.com/hjc2000/my_shell.git/git-upload-pack responded 200 in 443.2832 ms
info: Microsoft.AspNetCore.Hosting.Diagnostics[2]
      Request finished HTTP/2 POST https://github.com/hjc2000/my_shell.git/git-upload-pack - 200 - application/x-git-upload-pack-result 443.4552ms
info: Microsoft.AspNetCore.Hosting.Diagnostics[1]
      Request starting HTTP/2 POST https://github.com/hjc2000/my_shell.git/git-upload-pack - application/x-git-upload-pack-request 958
info: Yarp.ReverseProxy.Forwarder.HttpForwarder[9]
      Proxying to https://github.com/hjc2000/my_shell.git/git-upload-pack HTTP/2 RequestVersionOrLower no-streaming
info: Yarp.ReverseProxy.Forwarder.HttpForwarder[56]
      Received HTTP/1.1 response 200.
info: BD.WTTS.Services.Implementation.RequestLoggingMiddleware[0]
      POST https://github.com/hjc2000/my_shell.git/git-upload-pack responded 200 in 465.0275 ms
info: Microsoft.AspNetCore.Hosting.Diagnostics[2]
      Request finished HTTP/2 POST https://github.com/hjc2000/my_shell.git/git-upload-pack - 200 - application/x-git-upload-pack-result 465.1646ms
info: Microsoft.AspNetCore.Hosting.Diagnostics[1]
      Request starting HTTP/2 GET https://github.com/hjc2000/my_shell.git/info/refs?service=git-receive-pack - - -
info: Yarp.ReverseProxy.Forwarder.HttpForwarder[9]
      Proxying to https://github.com/hjc2000/my_shell.git/info/refs?service=git-receive-pack HTTP/2 RequestVersionOrLower no-streaming
info: Yarp.ReverseProxy.Forwarder.HttpForwarder[56]
      Received HTTP/1.1 response 401.
info: BD.WTTS.Services.Implementation.RequestLoggingMiddleware[0]
      GET https://github.com/hjc2000/my_shell.git/info/refs responded 401 in 339.5187 ms
info: Microsoft.AspNetCore.Hosting.Diagnostics[2]
      Request finished HTTP/2 GET https://github.com/hjc2000/my_shell.git/info/refs?service=git-receive-pack - 401 26 text/plain;+charset=UTF-8 339.6259ms
info: Microsoft.AspNetCore.Hosting.Diagnostics[1]
      Request starting HTTP/2 GET https://github.com/hjc2000/my_shell.git/info/refs?service=git-receive-pack - - -
info: Yarp.ReverseProxy.Forwarder.HttpForwarder[9]
      Proxying to https://github.com/hjc2000/my_shell.git/info/refs?service=git-receive-pack HTTP/2 RequestVersionOrLower no-streaming
info: Yarp.ReverseProxy.Forwarder.HttpForwarder[56]
      Received HTTP/1.1 response 200.
info: BD.WTTS.Services.Implementation.RequestLoggingMiddleware[0]
      GET https://github.com/hjc2000/my_shell.git/info/refs responded 200 in 408.4081 ms
info: Microsoft.AspNetCore.Hosting.Diagnostics[2]
      Request finished HTTP/2 GET https://github.com/hjc2000/my_shell.git/info/refs?service=git-receive-pack - 200 - application/x-git-receive-pack-advertisement 408.5080ms
info: Microsoft.AspNetCore.Hosting.Diagnostics[1]
      Request starting HTTP/2 POST https://github.com/hjc2000/my_shell.git/git-receive-pack - application/x-git-receive-pack-request 1179
info: Yarp.ReverseProxy.Forwarder.HttpForwarder[9]
      Proxying to https://github.com/hjc2000/my_shell.git/git-receive-pack HTTP/2 RequestVersionOrLower no-streaming
info: Yarp.ReverseProxy.Forwarder.HttpForwarder[56]
      Received HTTP/1.1 response 200.
info: BD.WTTS.Services.Implementation.RequestLoggingMiddleware[0]
      POST https://github.com/hjc2000/my_shell.git/git-receive-pack responded 200 in 705.8066 ms
info: Microsoft.AspNetCore.Hosting.Diagnostics[2]
      Request finished HTTP/2 POST https://github.com/hjc2000/my_shell.git/git-receive-pack - 200 - application/x-git-receive-pack-result 705.9752ms
info: Microsoft.AspNetCore.Hosting.Diagnostics[1]
      Request starting HTTP/2 GET https://github.com/hjc2000/cpp-lib-build-scripts.git/info/refs?service=git-upload-pack - - -
info: Yarp.ReverseProxy.Forwarder.HttpForwarder[9]
      Proxying to https://github.com/hjc2000/cpp-lib-build-scripts.git/info/refs?service=git-upload-pack HTTP/2 RequestVersionOrLower no-streaming
info: Yarp.ReverseProxy.Forwarder.HttpForwarder[56]
      Received HTTP/1.1 response 200.
info: BD.WTTS.Services.Implementation.RequestLoggingMiddleware[0]
      GET https://github.com/hjc2000/cpp-lib-build-scripts.git/info/refs responded 200 in 1014.7851 ms
info: Microsoft.AspNetCore.Hosting.Diagnostics[2]
      Request finished HTTP/2 GET https://github.com/hjc2000/cpp-lib-build-scripts.git/info/refs?service=git-upload-pack - 200 - application/x-git-upload-pack-advertisement 1014.9441ms
info: Microsoft.AspNetCore.Hosting.Diagnostics[1]
      Request starting HTTP/2 POST https://github.com/hjc2000/cpp-lib-build-scripts.git/git-upload-pack - application/x-git-upload-pack-request 155
info: Yarp.ReverseProxy.Forwarder.HttpForwarder[9]
      Proxying to https://github.com/hjc2000/cpp-lib-build-scripts.git/git-upload-pack HTTP/2 RequestVersionOrLower no-streaming
info: Yarp.ReverseProxy.Forwarder.HttpForwarder[56]
      Received HTTP/1.1 response 200.
info: BD.WTTS.Services.Implementation.RequestLoggingMiddleware[0]
      POST https://github.com/hjc2000/cpp-lib-build-scripts.git/git-upload-pack responded 200 in 470.2277 ms
info: Microsoft.AspNetCore.Hosting.Diagnostics[2]
      Request finished HTTP/2 POST https://github.com/hjc2000/cpp-lib-build-scripts.git/git-upload-pack - 200 - application/x-git-upload-pack-result 470.3303ms
info: Microsoft.AspNetCore.Hosting.Diagnostics[1]
      Request starting HTTP/2 POST https://github.com/hjc2000/cpp-lib-build-scripts.git/git-upload-pack - application/x-git-upload-pack-request 958
info: Yarp.ReverseProxy.Forwarder.HttpForwarder[9]
      Proxying to https://github.com/hjc2000/cpp-lib-build-scripts.git/git-upload-pack HTTP/2 RequestVersionOrLower no-streaming
info: Yarp.ReverseProxy.Forwarder.HttpForwarder[56]
      Received HTTP/1.1 response 200.
info: BD.WTTS.Services.Implementation.RequestLoggingMiddleware[0]
      POST https://github.com/hjc2000/cpp-lib-build-scripts.git/git-upload-pack responded 200 in 496.3862 ms
info: Microsoft.AspNetCore.Hosting.Diagnostics[2]
      Request finished HTTP/2 POST https://github.com/hjc2000/cpp-lib-build-scripts.git/git-upload-pack - 200 - application/x-git-upload-pack-result 496.5023ms
info: Microsoft.AspNetCore.Hosting.Diagnostics[1]
      Request starting HTTP/2 GET https://github.com/hjc2000/cpp-lib-build-scripts.git/info/refs?service=git-upload-pack - - -
info: Yarp.ReverseProxy.Forwarder.HttpForwarder[9]
      Proxying to https://github.com/hjc2000/cpp-lib-build-scripts.git/info/refs?service=git-upload-pack HTTP/2 RequestVersionOrLower no-streaming
info: Yarp.ReverseProxy.Forwarder.HttpForwarder[56]
      Received HTTP/1.1 response 200.
info: BD.WTTS.Services.Implementation.RequestLoggingMiddleware[0]
      GET https://github.com/hjc2000/cpp-lib-build-scripts.git/info/refs responded 200 in 261.1021 ms
info: Microsoft.AspNetCore.Hosting.Diagnostics[2]
      Request finished HTTP/2 GET https://github.com/hjc2000/cpp-lib-build-scripts.git/info/refs?service=git-upload-pack - 200 - application/x-git-upload-pack-advertisement 261.2171ms
info: Microsoft.AspNetCore.Hosting.Diagnostics[1]
      Request starting HTTP/2 POST https://github.com/hjc2000/cpp-lib-build-scripts.git/git-upload-pack - application/x-git-upload-pack-request 155
info: Yarp.ReverseProxy.Forwarder.HttpForwarder[9]
      Proxying to https://github.com/hjc2000/cpp-lib-build-scripts.git/git-upload-pack HTTP/2 RequestVersionOrLower no-streaming
info: Yarp.ReverseProxy.Forwarder.HttpForwarder[56]
      Received HTTP/1.1 response 200.
info: BD.WTTS.Services.Implementation.RequestLoggingMiddleware[0]
      POST https://github.com/hjc2000/cpp-lib-build-scripts.git/git-upload-pack responded 200 in 474.4117 ms
info: Microsoft.AspNetCore.Hosting.Diagnostics[2]
      Request finished HTTP/2 POST https://github.com/hjc2000/cpp-lib-build-scripts.git/git-upload-pack - 200 - application/x-git-upload-pack-result 474.4987ms
info: Microsoft.AspNetCore.Hosting.Diagnostics[1]
      Request starting HTTP/2 GET https://github.com/hjc2000/cpp-lib-build-scripts.git/info/refs?service=git-receive-pack - - -
info: Yarp.ReverseProxy.Forwarder.HttpForwarder[9]
      Proxying to https://github.com/hjc2000/cpp-lib-build-scripts.git/info/refs?service=git-receive-pack HTTP/2 RequestVersionOrLower no-streaming
info: Yarp.ReverseProxy.Forwarder.HttpForwarder[56]
      Received HTTP/1.1 response 401.
info: BD.WTTS.Services.Implementation.RequestLoggingMiddleware[0]
      GET https://github.com/hjc2000/cpp-lib-build-scripts.git/info/refs responded 401 in 245.6592 ms
info: Microsoft.AspNetCore.Hosting.Diagnostics[2]
      Request finished HTTP/2 GET https://github.com/hjc2000/cpp-lib-build-scripts.git/info/refs?service=git-receive-pack - 401 26 text/plain;+charset=UTF-8 245.7738ms
info: Microsoft.AspNetCore.Hosting.Diagnostics[1]
      Request starting HTTP/2 GET https://github.com/hjc2000/cpp-lib-build-scripts.git/info/refs?service=git-receive-pack - - -
info: Yarp.ReverseProxy.Forwarder.HttpForwarder[9]
      Proxying to https://github.com/hjc2000/cpp-lib-build-scripts.git/info/refs?service=git-receive-pack HTTP/2 RequestVersionOrLower no-streaming
info: Yarp.ReverseProxy.Forwarder.HttpForwarder[56]
      Received HTTP/1.1 response 200.
info: BD.WTTS.Services.Implementation.RequestLoggingMiddleware[0]
      GET https://github.com/hjc2000/cpp-lib-build-scripts.git/info/refs responded 200 in 307.9534 ms
info: Microsoft.AspNetCore.Hosting.Diagnostics[2]
      Request finished HTTP/2 GET https://github.com/hjc2000/cpp-lib-build-scripts.git/info/refs?service=git-receive-pack - 200 - application/x-git-receive-pack-advertisement 308.0475ms
info: Microsoft.AspNetCore.Hosting.Diagnostics[1]
      Request starting HTTP/2 GET https://github.com/hjc2000/cpp-lib-build-scripts.git/info/refs?service=git-upload-pack - - -
info: Yarp.ReverseProxy.Forwarder.HttpForwarder[9]
      Proxying to https://github.com/hjc2000/cpp-lib-build-scripts.git/info/refs?service=git-upload-pack HTTP/2 RequestVersionOrLower no-streaming
info: Yarp.ReverseProxy.Forwarder.HttpForwarder[56]
      Received HTTP/1.1 response 200.
info: BD.WTTS.Services.Implementation.RequestLoggingMiddleware[0]
      GET https://github.com/hjc2000/cpp-lib-build-scripts.git/info/refs responded 200 in 1006.1339 ms
info: Microsoft.AspNetCore.Hosting.Diagnostics[2]
      Request finished HTTP/2 GET https://github.com/hjc2000/cpp-lib-build-scripts.git/info/refs?service=git-upload-pack - 200 - application/x-git-upload-pack-advertisement 1006.2593ms
info: Microsoft.AspNetCore.Hosting.Diagnostics[1]
      Request starting HTTP/2 POST https://github.com/hjc2000/cpp-lib-build-scripts.git/git-upload-pack - application/x-git-upload-pack-request 155
info: Yarp.ReverseProxy.Forwarder.HttpForwarder[9]
      Proxying to https://github.com/hjc2000/cpp-lib-build-scripts.git/git-upload-pack HTTP/2 RequestVersionOrLower no-streaming
info: Yarp.ReverseProxy.Forwarder.HttpForwarder[56]
      Received HTTP/1.1 response 200.
info: BD.WTTS.Services.Implementation.RequestLoggingMiddleware[0]
      POST https://github.com/hjc2000/cpp-lib-build-scripts.git/git-upload-pack responded 200 in 469.2566 ms
info: Microsoft.AspNetCore.Hosting.Diagnostics[2]
      Request finished HTTP/2 POST https://github.com/hjc2000/cpp-lib-build-scripts.git/git-upload-pack - 200 - application/x-git-upload-pack-result 469.3410ms
info: Microsoft.AspNetCore.Hosting.Diagnostics[1]
      Request starting HTTP/2 GET https://github.com/hjc2000/cpp-lib-build-scripts.git/info/refs?service=git-receive-pack - - -
info: Yarp.ReverseProxy.Forwarder.HttpForwarder[9]
      Proxying to https://github.com/hjc2000/cpp-lib-build-scripts.git/info/refs?service=git-receive-pack HTTP/2 RequestVersionOrLower no-streaming
info: Yarp.ReverseProxy.Forwarder.HttpForwarder[56]
      Received HTTP/1.1 response 401.
info: BD.WTTS.Services.Implementation.RequestLoggingMiddleware[0]
      GET https://github.com/hjc2000/cpp-lib-build-scripts.git/info/refs responded 401 in 245.9175 ms
info: Microsoft.AspNetCore.Hosting.Diagnostics[2]
      Request finished HTTP/2 GET https://github.com/hjc2000/cpp-lib-build-scripts.git/info/refs?service=git-receive-pack - 401 26 text/plain;+charset=UTF-8 246.0374ms
info: Microsoft.AspNetCore.Hosting.Diagnostics[1]
      Request starting HTTP/2 GET https://github.com/hjc2000/cpp-lib-build-scripts.git/info/refs?service=git-receive-pack - - -
info: Yarp.ReverseProxy.Forwarder.HttpForwarder[9]
      Proxying to https://github.com/hjc2000/cpp-lib-build-scripts.git/info/refs?service=git-receive-pack HTTP/2 RequestVersionOrLower no-streaming
info: Yarp.ReverseProxy.Forwarder.HttpForwarder[56]
      Received HTTP/1.1 response 200.
info: BD.WTTS.Services.Implementation.RequestLoggingMiddleware[0]
      GET https://github.com/hjc2000/cpp-lib-build-scripts.git/info/refs responded 200 in 290.9606 ms
info: Microsoft.AspNetCore.Hosting.Diagnostics[2]
      Request finished HTTP/2 GET https://github.com/hjc2000/cpp-lib-build-scripts.git/info/refs?service=git-receive-pack - 200 - application/x-git-receive-pack-advertisement 291.0564ms
info: Microsoft.AspNetCore.Hosting.Diagnostics[1]
      Request starting HTTP/2 GET https://github.com/hjc2000/my_shell.git/info/refs?service=git-upload-pack - - -
info: Yarp.ReverseProxy.Forwarder.HttpForwarder[9]
      Proxying to https://github.com/hjc2000/my_shell.git/info/refs?service=git-upload-pack HTTP/2 RequestVersionOrLower no-streaming
info: Yarp.ReverseProxy.Forwarder.HttpForwarder[56]
      Received HTTP/1.1 response 200.
info: BD.WTTS.Services.Implementation.RequestLoggingMiddleware[0]
      GET https://github.com/hjc2000/my_shell.git/info/refs responded 200 in 252.7661 ms
info: Microsoft.AspNetCore.Hosting.Diagnostics[2]
      Request finished HTTP/2 GET https://github.com/hjc2000/my_shell.git/info/refs?service=git-upload-pack - 200 - application/x-git-upload-pack-advertisement 252.8518ms
info: Microsoft.AspNetCore.Hosting.Diagnostics[1]
      Request starting HTTP/2 POST https://github.com/hjc2000/my_shell.git/git-upload-pack - application/x-git-upload-pack-request 155
info: Yarp.ReverseProxy.Forwarder.HttpForwarder[9]
      Proxying to https://github.com/hjc2000/my_shell.git/git-upload-pack HTTP/2 RequestVersionOrLower no-streaming
info: Yarp.ReverseProxy.Forwarder.HttpForwarder[56]
      Received HTTP/1.1 response 200.
info: BD.WTTS.Services.Implementation.RequestLoggingMiddleware[0]
      POST https://github.com/hjc2000/my_shell.git/git-upload-pack responded 200 in 467.9929 ms
info: Microsoft.AspNetCore.Hosting.Diagnostics[2]
      Request finished HTTP/2 POST https://github.com/hjc2000/my_shell.git/git-upload-pack - 200 - application/x-git-upload-pack-result 468.0703ms
